#
# There is insufficient memory for the Java Runtime Environment to continue.
# Native memory allocation (malloc) failed to allocate 978400 bytes for Chunk::new
# Possible reasons:
#   The system is out of physical RAM or swap space
#   The process is running with CompressedOops enabled, and the Java Heap may be blocking the growth of the native heap
# Possible solutions:
#   Reduce memory load on the system
#   Increase physical memory or swap space
#   Check if swap backing store is full
#   Decrease Java heap size (-Xmx/-Xms)
#   Decrease number of Java threads
#   Decrease Java thread stack sizes (-Xss)
#   Set larger code cache with -XX:ReservedCodeCacheSize=
#   JVM is running with Zero Based Compressed Oops mode in which the Java heap is
#     placed in the first 32GB address space. The Java Heap base address is the
#     maximum limit for the native heap growth. Please use -XX:HeapBaseMinAddress
#     to set the Java Heap base and to place the Java Heap above 32GB virtual address.
# This output file may be truncated or incomplete.
#
#  Out of Memory Error (arena.cpp:189), pid=18200, tid=4904
#
# JRE version: Java(TM) SE Runtime Environment (17.0.10+11) (build 17.0.10+11-LTS-240)
# Java VM: Java HotSpot(TM) 64-Bit Server VM (17.0.10+11-LTS-240, mixed mode, sharing, tiered, compressed oops, compressed class ptrs, g1 gc, windows-amd64)
# No core dump will be written. Minidumps are not enabled by default on client versions of Windows
#

---------------  S U M M A R Y ------------

Command Line: -javaagent:C:\Program Files\JetBrains\IntelliJ IDEA 2024.1.4\lib\idea_rt.jar=53884:C:\Program Files\JetBrains\IntelliJ IDEA 2024.1.4\bin -Dfile.encoding=UTF-8 pe.edu.upeu.sysalmacenfx.ApplicationMain

Host: 13th Gen Intel(R) Core(TM) i7-13700, 24 cores, 15G,  Windows 11 , 64 bit Build 22621 (10.0.22621.3958)
Time: Tue Oct 29 11:14:23 2024 Hora est. Pacífico, Sudamérica elapsed time: 0.859899 seconds (0d 0h 0m 0s)

---------------  T H R E A D  ---------------

Current thread (0x000002792583f910):  JavaThread "C2 CompilerThread2" daemon [_thread_in_native, id=4904, stack(0x000000d560c00000,0x000000d560d00000)]


Current CompileTask:
C2:    859 1801       4       org.springframework.boot.context.properties.source.ConfigurationPropertyName$ElementsParser::parse (234 bytes)

Stack: [0x000000d560c00000,0x000000d560d00000]
Native frames: (J=compiled Java code, j=interpreted, Vv=VM code, C=native code)
V  [jvm.dll+0x677a5a]
V  [jvm.dll+0x7d8b2d]
V  [jvm.dll+0x7da48e]
V  [jvm.dll+0x7daaf3]
V  [jvm.dll+0x2455ff]
V  [jvm.dll+0xaaafb]
V  [jvm.dll+0xab09c]
V  [jvm.dll+0x361bae]
V  [jvm.dll+0x32c211]
V  [jvm.dll+0x32b6aa]
V  [jvm.dll+0x21794f]
V  [jvm.dll+0x216d81]
V  [jvm.dll+0x1a3410]
V  [jvm.dll+0x226aeb]
V  [jvm.dll+0x224cab]
V  [jvm.dll+0x78e45c]
V  [jvm.dll+0x78888a]
V  [jvm.dll+0x676935]
C  [ucrtbase.dll+0x29333]
C  [KERNEL32.DLL+0x1257d]
C  [ntdll.dll+0x5af08]


---------------  P R O C E S S  ---------------

Threads class SMR info:
_java_thread_list=0x000002792e1fb060, length=23, elements={
0x00000278bb1f04b0, 0x00000278def82010, 0x00000278def82e90, 0x00000278def95860,
0x00000278def97430, 0x00000278def98600, 0x00000278def9b3e0, 0x00000278def9c180,
0x00000278defa9570, 0x00000278defabaa0, 0x00000278df470dd0, 0x00000278df5750e0,
0x00000278df57e040, 0x00000278df57e560, 0x00000278df5d35d0, 0x000002792521f6d0,
0x000002792521ffc0, 0x00000279253b3140, 0x000002792583f910, 0x00000279258fe370,
0x0000027926531d50, 0x0000027926532230, 0x000002792e219930
}

Java Threads: ( => current thread )
  0x00000278bb1f04b0 JavaThread "main" [_thread_blocked, id=25268, stack(0x000000d55f300000,0x000000d55f400000)]
  0x00000278def82010 JavaThread "Reference Handler" daemon [_thread_blocked, id=2592, stack(0x000000d55fa00000,0x000000d55fb00000)]
  0x00000278def82e90 JavaThread "Finalizer" daemon [_thread_blocked, id=23384, stack(0x000000d55fb00000,0x000000d55fc00000)]
  0x00000278def95860 JavaThread "Signal Dispatcher" daemon [_thread_blocked, id=26684, stack(0x000000d55fc00000,0x000000d55fd00000)]
  0x00000278def97430 JavaThread "Attach Listener" daemon [_thread_blocked, id=11672, stack(0x000000d55fd00000,0x000000d55fe00000)]
  0x00000278def98600 JavaThread "Service Thread" daemon [_thread_blocked, id=26320, stack(0x000000d55fe00000,0x000000d55ff00000)]
  0x00000278def9b3e0 JavaThread "Monitor Deflation Thread" daemon [_thread_blocked, id=7144, stack(0x000000d55ff00000,0x000000d560000000)]
  0x00000278def9c180 JavaThread "C2 CompilerThread0" daemon [_thread_in_native, id=19688, stack(0x000000d560000000,0x000000d560100000)]
  0x00000278defa9570 JavaThread "C1 CompilerThread0" daemon [_thread_in_native, id=22700, stack(0x000000d560100000,0x000000d560200000)]
  0x00000278defabaa0 JavaThread "Sweeper thread" daemon [_thread_blocked, id=22536, stack(0x000000d560200000,0x000000d560300000)]
  0x00000278df470dd0 JavaThread "Common-Cleaner" daemon [_thread_blocked, id=5592, stack(0x000000d560300000,0x000000d560400000)]
  0x00000278df5750e0 JavaThread "C1 CompilerThread1" daemon [_thread_in_native, id=21700, stack(0x000000d560400000,0x000000d560500000)]
  0x00000278df57e040 JavaThread "C1 CompilerThread2" daemon [_thread_in_native, id=6864, stack(0x000000d560500000,0x000000d560600000)]
  0x00000278df57e560 JavaThread "C1 CompilerThread3" daemon [_thread_in_native, id=28024, stack(0x000000d560600000,0x000000d560700000)]
  0x00000278df5d35d0 JavaThread "C2 CompilerThread1" daemon [_thread_in_native, id=11240, stack(0x000000d560700000,0x000000d560800000)]
  0x000002792521f6d0 JavaThread "Monitor Ctrl-Break" daemon [_thread_in_native, id=12948, stack(0x000000d560800000,0x000000d560900000)]
  0x000002792521ffc0 JavaThread "Notification Thread" daemon [_thread_blocked, id=11176, stack(0x000000d560900000,0x000000d560a00000)]
  0x00000279253b3140 JavaThread "JavaFX-Launcher" [_thread_in_Java, id=12456, stack(0x000000d560b00000,0x000000d560c00000)]
=>0x000002792583f910 JavaThread "C2 CompilerThread2" daemon [_thread_in_native, id=4904, stack(0x000000d560c00000,0x000000d560d00000)]
  0x00000279258fe370 JavaThread "QuantumRenderer-0" daemon [_thread_blocked, id=26404, stack(0x000000d561300000,0x000000d561400000)]
  0x0000027926531d50 JavaThread "InvokeLaterDispatcher" daemon [_thread_blocked, id=14592, stack(0x000000d561800000,0x000000d561900000)]
  0x0000027926532230 JavaThread "JavaFX Application Thread" [_thread_in_native, id=21816, stack(0x000000d561900000,0x000000d561a00000)]
  0x000002792e219930 JavaThread "Thread-2" daemon [_thread_in_native, id=12728, stack(0x000000d563300000,0x000000d563400000)]

Other Threads:
  0x00000278def7f000 VMThread "VM Thread" [stack: 0x000000d55f900000,0x000000d55fa00000] [id=9472]
  0x00000278dedc0b50 WatcherThread [stack: 0x000000d560a00000,0x000000d560b00000] [id=24916]
  0x00000278bb260150 GCTaskThread "GC Thread#0" [stack: 0x000000d55f400000,0x000000d55f500000] [id=23048]
  0x0000027925a8d0e0 GCTaskThread "GC Thread#1" [stack: 0x000000d560d00000,0x000000d560e00000] [id=10340]
  0x000002792583e130 GCTaskThread "GC Thread#2" [stack: 0x000000d560e00000,0x000000d560f00000] [id=1500]
  0x000002792583e3f0 GCTaskThread "GC Thread#3" [stack: 0x000000d560f00000,0x000000d561000000] [id=26524]
  0x0000027925a1cf40 GCTaskThread "GC Thread#4" [stack: 0x000000d561000000,0x000000d561100000] [id=9548]
  0x0000027925a1d200 GCTaskThread "GC Thread#5" [stack: 0x000000d561100000,0x000000d561200000] [id=7264]
  0x00000279257d0560 GCTaskThread "GC Thread#6" [stack: 0x000000d561200000,0x000000d561300000] [id=10644]
  0x000002792e214ee0 GCTaskThread "GC Thread#7" [stack: 0x000000d563400000,0x000000d563500000] [id=15836]
  0x00000278bb20e2b0 ConcurrentGCThread "G1 Main Marker" [stack: 0x000000d55f500000,0x000000d55f600000] [id=11144]
  0x00000278bb2713c0 ConcurrentGCThread "G1 Conc#0" [stack: 0x000000d55f600000,0x000000d55f700000] [id=26864]
  0x00000278deeb8e70 ConcurrentGCThread "G1 Refine#0" [stack: 0x000000d55f700000,0x000000d55f800000] [id=9484]
  0x00000278deeb98a0 ConcurrentGCThread "G1 Service" [stack: 0x000000d55f800000,0x000000d55f900000] [id=26388]

Threads with active compile tasks:
C2 CompilerThread0      870 1868   !   4       java.lang.ref.ReferenceQueue::poll (28 bytes)
C1 CompilerThread0      870 1901       3       java.util.Locale::getInstance (55 bytes)
C1 CompilerThread1      870 1891       3       sun.util.locale.BaseLocale$Key::hashCode (178 bytes)
C1 CompilerThread2      871 1904       3       sun.util.locale.LanguageTag::isScript (21 bytes)
C1 CompilerThread3      871 1906       3       sun.util.locale.LanguageTag::isRegion (36 bytes)
C2 CompilerThread1      871 1878 % !   4       java.util.concurrent.ConcurrentHashMap::transfer @ 96 (849 bytes)
C2 CompilerThread2      871 1801       4       org.springframework.boot.context.properties.source.ConfigurationPropertyName$ElementsParser::parse (234 bytes)

VM state: not at safepoint (normal execution)

VM Mutex/Monitor currently owned by a thread: None

Heap address: 0x0000000704c00000, size: 4020 MB, Compressed Oops mode: Zero based, Oop shift amount: 3

CDS archive(s) mapped at: [0x00000278e0000000-0x00000278e0bd0000-0x00000278e0bd0000), size 12386304, SharedBaseAddress: 0x00000278e0000000, ArchiveRelocationMode: 1.
Compressed class space mapped at: 0x00000278e1000000-0x0000027921000000, reserved size: 1073741824
Narrow klass base: 0x00000278e0000000, Narrow klass shift: 0, Narrow klass range: 0x100000000

GC Precious Log:
 CPUs: 24 total, 24 available
 Memory: 16072M
 Large Page Support: Disabled
 NUMA Support: Disabled
 Compressed Oops: Enabled (Zero based)
 Heap Region Size: 2M
 Heap Min Capacity: 8M
 Heap Initial Capacity: 252M
 Heap Max Capacity: 4020M
 Pre-touch: Disabled
 Parallel Workers: 18
 Concurrent Workers: 5
 Concurrent Refinement Workers: 18
 Periodic GC: Disabled

Heap:
 garbage-first heap   total 258048K, used 22320K [0x0000000704c00000, 0x0000000800000000)
  region size 2048K, 7 young (14336K), 1 survivors (2048K)
 Metaspace       used 10773K, committed 11072K, reserved 1114112K
  class space    used 1323K, committed 1472K, reserved 1048576K

Heap Regions: E=young(eden), S=young(survivor), O=old, HS=humongous(starts), HC=humongous(continues), CS=collection set, F=free, OA=open archive, CA=closed archive, TAMS=top-at-mark-start (previous, next)
|   0|0x0000000704c00000, 0x0000000704e00000, 0x0000000704e00000|100%| O|  |TAMS 0x0000000704c00000, 0x0000000704c00000| Untracked 
|   1|0x0000000704e00000, 0x0000000705000000, 0x0000000705000000|100%| O|  |TAMS 0x0000000704e00000, 0x0000000704e00000| Untracked 
|   2|0x0000000705000000, 0x0000000705200000, 0x0000000705200000|100%| O|  |TAMS 0x0000000705000000, 0x0000000705000000| Untracked 
|   3|0x0000000705200000, 0x0000000705400000, 0x0000000705400000|100%| O|  |TAMS 0x0000000705200000, 0x0000000705200000| Untracked 
|   4|0x0000000705400000, 0x0000000705600000, 0x0000000705600000|100%| O|  |TAMS 0x0000000705400000, 0x0000000705400000| Untracked 
|   5|0x0000000705600000, 0x000000070562ce00, 0x0000000705800000|  8%| O|  |TAMS 0x0000000705600000, 0x0000000705600000| Untracked 
|   6|0x0000000705800000, 0x0000000705800000, 0x0000000705a00000|  0%| F|  |TAMS 0x0000000705800000, 0x0000000705800000| Untracked 
|   7|0x0000000705a00000, 0x0000000705a00000, 0x0000000705c00000|  0%| F|  |TAMS 0x0000000705a00000, 0x0000000705a00000| Untracked 
|   8|0x0000000705c00000, 0x0000000705c00000, 0x0000000705e00000|  0%| F|  |TAMS 0x0000000705c00000, 0x0000000705c00000| Untracked 
|   9|0x0000000705e00000, 0x0000000705e00000, 0x0000000706000000|  0%| F|  |TAMS 0x0000000705e00000, 0x0000000705e00000| Untracked 
|  10|0x0000000706000000, 0x0000000706000000, 0x0000000706200000|  0%| F|  |TAMS 0x0000000706000000, 0x0000000706000000| Untracked 
|  11|0x0000000706200000, 0x0000000706200000, 0x0000000706400000|  0%| F|  |TAMS 0x0000000706200000, 0x0000000706200000| Untracked 
|  12|0x0000000706400000, 0x0000000706400000, 0x0000000706600000|  0%| F|  |TAMS 0x0000000706400000, 0x0000000706400000| Untracked 
|  13|0x0000000706600000, 0x0000000706600000, 0x0000000706800000|  0%| F|  |TAMS 0x0000000706600000, 0x0000000706600000| Untracked 
|  14|0x0000000706800000, 0x0000000706800000, 0x0000000706a00000|  0%| F|  |TAMS 0x0000000706800000, 0x0000000706800000| Untracked 
|  15|0x0000000706a00000, 0x0000000706a00000, 0x0000000706c00000|  0%| F|  |TAMS 0x0000000706a00000, 0x0000000706a00000| Untracked 
|  16|0x0000000706c00000, 0x0000000706c00000, 0x0000000706e00000|  0%| F|  |TAMS 0x0000000706c00000, 0x0000000706c00000| Untracked 
|  17|0x0000000706e00000, 0x0000000706e00000, 0x0000000707000000|  0%| F|  |TAMS 0x0000000706e00000, 0x0000000706e00000| Untracked 
|  18|0x0000000707000000, 0x0000000707000000, 0x0000000707200000|  0%| F|  |TAMS 0x0000000707000000, 0x0000000707000000| Untracked 
|  19|0x0000000707200000, 0x0000000707200000, 0x0000000707400000|  0%| F|  |TAMS 0x0000000707200000, 0x0000000707200000| Untracked 
|  20|0x0000000707400000, 0x0000000707400000, 0x0000000707600000|  0%| F|  |TAMS 0x0000000707400000, 0x0000000707400000| Untracked 
|  21|0x0000000707600000, 0x0000000707600000, 0x0000000707800000|  0%| F|  |TAMS 0x0000000707600000, 0x0000000707600000| Untracked 
|  22|0x0000000707800000, 0x0000000707800000, 0x0000000707a00000|  0%| F|  |TAMS 0x0000000707800000, 0x0000000707800000| Untracked 
|  23|0x0000000707a00000, 0x0000000707a00000, 0x0000000707c00000|  0%| F|  |TAMS 0x0000000707a00000, 0x0000000707a00000| Untracked 
|  24|0x0000000707c00000, 0x0000000707c00000, 0x0000000707e00000|  0%| F|  |TAMS 0x0000000707c00000, 0x0000000707c00000| Untracked 
|  25|0x0000000707e00000, 0x0000000707e00000, 0x0000000708000000|  0%| F|  |TAMS 0x0000000707e00000, 0x0000000707e00000| Untracked 
|  26|0x0000000708000000, 0x0000000708000000, 0x0000000708200000|  0%| F|  |TAMS 0x0000000708000000, 0x0000000708000000| Untracked 
|  27|0x0000000708200000, 0x0000000708200000, 0x0000000708400000|  0%| F|  |TAMS 0x0000000708200000, 0x0000000708200000| Untracked 
|  28|0x0000000708400000, 0x0000000708400000, 0x0000000708600000|  0%| F|  |TAMS 0x0000000708400000, 0x0000000708400000| Untracked 
|  29|0x0000000708600000, 0x0000000708600000, 0x0000000708800000|  0%| F|  |TAMS 0x0000000708600000, 0x0000000708600000| Untracked 
|  30|0x0000000708800000, 0x0000000708800000, 0x0000000708a00000|  0%| F|  |TAMS 0x0000000708800000, 0x0000000708800000| Untracked 
|  31|0x0000000708a00000, 0x0000000708a00000, 0x0000000708c00000|  0%| F|  |TAMS 0x0000000708a00000, 0x0000000708a00000| Untracked 
|  32|0x0000000708c00000, 0x0000000708c00000, 0x0000000708e00000|  0%| F|  |TAMS 0x0000000708c00000, 0x0000000708c00000| Untracked 
|  33|0x0000000708e00000, 0x0000000708e00000, 0x0000000709000000|  0%| F|  |TAMS 0x0000000708e00000, 0x0000000708e00000| Untracked 
|  34|0x0000000709000000, 0x0000000709000000, 0x0000000709200000|  0%| F|  |TAMS 0x0000000709000000, 0x0000000709000000| Untracked 
|  35|0x0000000709200000, 0x0000000709200000, 0x0000000709400000|  0%| F|  |TAMS 0x0000000709200000, 0x0000000709200000| Untracked 
|  36|0x0000000709400000, 0x0000000709400000, 0x0000000709600000|  0%| F|  |TAMS 0x0000000709400000, 0x0000000709400000| Untracked 
|  37|0x0000000709600000, 0x0000000709600000, 0x0000000709800000|  0%| F|  |TAMS 0x0000000709600000, 0x0000000709600000| Untracked 
|  38|0x0000000709800000, 0x0000000709800000, 0x0000000709a00000|  0%| F|  |TAMS 0x0000000709800000, 0x0000000709800000| Untracked 
|  39|0x0000000709a00000, 0x0000000709a00000, 0x0000000709c00000|  0%| F|  |TAMS 0x0000000709a00000, 0x0000000709a00000| Untracked 
|  40|0x0000000709c00000, 0x0000000709c00000, 0x0000000709e00000|  0%| F|  |TAMS 0x0000000709c00000, 0x0000000709c00000| Untracked 
|  41|0x0000000709e00000, 0x0000000709e00000, 0x000000070a000000|  0%| F|  |TAMS 0x0000000709e00000, 0x0000000709e00000| Untracked 
|  42|0x000000070a000000, 0x000000070a000000, 0x000000070a200000|  0%| F|  |TAMS 0x000000070a000000, 0x000000070a000000| Untracked 
|  43|0x000000070a200000, 0x000000070a200000, 0x000000070a400000|  0%| F|  |TAMS 0x000000070a200000, 0x000000070a200000| Untracked 
|  44|0x000000070a400000, 0x000000070a400000, 0x000000070a600000|  0%| F|  |TAMS 0x000000070a400000, 0x000000070a400000| Untracked 
|  45|0x000000070a600000, 0x000000070a600000, 0x000000070a800000|  0%| F|  |TAMS 0x000000070a600000, 0x000000070a600000| Untracked 
|  46|0x000000070a800000, 0x000000070a800000, 0x000000070aa00000|  0%| F|  |TAMS 0x000000070a800000, 0x000000070a800000| Untracked 
|  47|0x000000070aa00000, 0x000000070aa00000, 0x000000070ac00000|  0%| F|  |TAMS 0x000000070aa00000, 0x000000070aa00000| Untracked 
|  48|0x000000070ac00000, 0x000000070ac00000, 0x000000070ae00000|  0%| F|  |TAMS 0x000000070ac00000, 0x000000070ac00000| Untracked 
|  49|0x000000070ae00000, 0x000000070ae00000, 0x000000070b000000|  0%| F|  |TAMS 0x000000070ae00000, 0x000000070ae00000| Untracked 
|  50|0x000000070b000000, 0x000000070b000000, 0x000000070b200000|  0%| F|  |TAMS 0x000000070b000000, 0x000000070b000000| Untracked 
|  51|0x000000070b200000, 0x000000070b200000, 0x000000070b400000|  0%| F|  |TAMS 0x000000070b200000, 0x000000070b200000| Untracked 
|  52|0x000000070b400000, 0x000000070b400000, 0x000000070b600000|  0%| F|  |TAMS 0x000000070b400000, 0x000000070b400000| Untracked 
|  53|0x000000070b600000, 0x000000070b600000, 0x000000070b800000|  0%| F|  |TAMS 0x000000070b600000, 0x000000070b600000| Untracked 
|  54|0x000000070b800000, 0x000000070b800000, 0x000000070ba00000|  0%| F|  |TAMS 0x000000070b800000, 0x000000070b800000| Untracked 
|  55|0x000000070ba00000, 0x000000070ba00000, 0x000000070bc00000|  0%| F|  |TAMS 0x000000070ba00000, 0x000000070ba00000| Untracked 
|  56|0x000000070bc00000, 0x000000070bc00000, 0x000000070be00000|  0%| F|  |TAMS 0x000000070bc00000, 0x000000070bc00000| Untracked 
|  57|0x000000070be00000, 0x000000070be00000, 0x000000070c000000|  0%| F|  |TAMS 0x000000070be00000, 0x000000070be00000| Untracked 
|  58|0x000000070c000000, 0x000000070c000000, 0x000000070c200000|  0%| F|  |TAMS 0x000000070c000000, 0x000000070c000000| Untracked 
|  59|0x000000070c200000, 0x000000070c200000, 0x000000070c400000|  0%| F|  |TAMS 0x000000070c200000, 0x000000070c200000| Untracked 
|  60|0x000000070c400000, 0x000000070c400000, 0x000000070c600000|  0%| F|  |TAMS 0x000000070c400000, 0x000000070c400000| Untracked 
|  61|0x000000070c600000, 0x000000070c600000, 0x000000070c800000|  0%| F|  |TAMS 0x000000070c600000, 0x000000070c600000| Untracked 
|  62|0x000000070c800000, 0x000000070c800000, 0x000000070ca00000|  0%| F|  |TAMS 0x000000070c800000, 0x000000070c800000| Untracked 
|  63|0x000000070ca00000, 0x000000070ca00000, 0x000000070cc00000|  0%| F|  |TAMS 0x000000070ca00000, 0x000000070ca00000| Untracked 
|  64|0x000000070cc00000, 0x000000070cc00000, 0x000000070ce00000|  0%| F|  |TAMS 0x000000070cc00000, 0x000000070cc00000| Untracked 
|  65|0x000000070ce00000, 0x000000070ce00000, 0x000000070d000000|  0%| F|  |TAMS 0x000000070ce00000, 0x000000070ce00000| Untracked 
|  66|0x000000070d000000, 0x000000070d000000, 0x000000070d200000|  0%| F|  |TAMS 0x000000070d000000, 0x000000070d000000| Untracked 
|  67|0x000000070d200000, 0x000000070d200000, 0x000000070d400000|  0%| F|  |TAMS 0x000000070d200000, 0x000000070d200000| Untracked 
|  68|0x000000070d400000, 0x000000070d400000, 0x000000070d600000|  0%| F|  |TAMS 0x000000070d400000, 0x000000070d400000| Untracked 
|  69|0x000000070d600000, 0x000000070d600000, 0x000000070d800000|  0%| F|  |TAMS 0x000000070d600000, 0x000000070d600000| Untracked 
|  70|0x000000070d800000, 0x000000070d800000, 0x000000070da00000|  0%| F|  |TAMS 0x000000070d800000, 0x000000070d800000| Untracked 
|  71|0x000000070da00000, 0x000000070da00000, 0x000000070dc00000|  0%| F|  |TAMS 0x000000070da00000, 0x000000070da00000| Untracked 
|  72|0x000000070dc00000, 0x000000070dc00000, 0x000000070de00000|  0%| F|  |TAMS 0x000000070dc00000, 0x000000070dc00000| Untracked 
|  73|0x000000070de00000, 0x000000070de00000, 0x000000070e000000|  0%| F|  |TAMS 0x000000070de00000, 0x000000070de00000| Untracked 
|  74|0x000000070e000000, 0x000000070e000000, 0x000000070e200000|  0%| F|  |TAMS 0x000000070e000000, 0x000000070e000000| Untracked 
|  75|0x000000070e200000, 0x000000070e200000, 0x000000070e400000|  0%| F|  |TAMS 0x000000070e200000, 0x000000070e200000| Untracked 
|  76|0x000000070e400000, 0x000000070e400000, 0x000000070e600000|  0%| F|  |TAMS 0x000000070e400000, 0x000000070e400000| Untracked 
|  77|0x000000070e600000, 0x000000070e600000, 0x000000070e800000|  0%| F|  |TAMS 0x000000070e600000, 0x000000070e600000| Untracked 
|  78|0x000000070e800000, 0x000000070e800000, 0x000000070ea00000|  0%| F|  |TAMS 0x000000070e800000, 0x000000070e800000| Untracked 
|  79|0x000000070ea00000, 0x000000070ea00000, 0x000000070ec00000|  0%| F|  |TAMS 0x000000070ea00000, 0x000000070ea00000| Untracked 
|  80|0x000000070ec00000, 0x000000070ec00000, 0x000000070ee00000|  0%| F|  |TAMS 0x000000070ec00000, 0x000000070ec00000| Untracked 
|  81|0x000000070ee00000, 0x000000070ee00000, 0x000000070f000000|  0%| F|  |TAMS 0x000000070ee00000, 0x000000070ee00000| Untracked 
|  82|0x000000070f000000, 0x000000070f000000, 0x000000070f200000|  0%| F|  |TAMS 0x000000070f000000, 0x000000070f000000| Untracked 
|  83|0x000000070f200000, 0x000000070f200000, 0x000000070f400000|  0%| F|  |TAMS 0x000000070f200000, 0x000000070f200000| Untracked 
|  84|0x000000070f400000, 0x000000070f400000, 0x000000070f600000|  0%| F|  |TAMS 0x000000070f400000, 0x000000070f400000| Untracked 
|  85|0x000000070f600000, 0x000000070f600000, 0x000000070f800000|  0%| F|  |TAMS 0x000000070f600000, 0x000000070f600000| Untracked 
|  86|0x000000070f800000, 0x000000070f800000, 0x000000070fa00000|  0%| F|  |TAMS 0x000000070f800000, 0x000000070f800000| Untracked 
|  87|0x000000070fa00000, 0x000000070fa00000, 0x000000070fc00000|  0%| F|  |TAMS 0x000000070fa00000, 0x000000070fa00000| Untracked 
|  88|0x000000070fc00000, 0x000000070fc00000, 0x000000070fe00000|  0%| F|  |TAMS 0x000000070fc00000, 0x000000070fc00000| Untracked 
|  89|0x000000070fe00000, 0x000000070fe00000, 0x0000000710000000|  0%| F|  |TAMS 0x000000070fe00000, 0x000000070fe00000| Untracked 
|  90|0x0000000710000000, 0x0000000710000000, 0x0000000710200000|  0%| F|  |TAMS 0x0000000710000000, 0x0000000710000000| Untracked 
|  91|0x0000000710200000, 0x0000000710200000, 0x0000000710400000|  0%| F|  |TAMS 0x0000000710200000, 0x0000000710200000| Untracked 
|  92|0x0000000710400000, 0x0000000710400000, 0x0000000710600000|  0%| F|  |TAMS 0x0000000710400000, 0x0000000710400000| Untracked 
|  93|0x0000000710600000, 0x0000000710600000, 0x0000000710800000|  0%| F|  |TAMS 0x0000000710600000, 0x0000000710600000| Untracked 
|  94|0x0000000710800000, 0x0000000710800000, 0x0000000710a00000|  0%| F|  |TAMS 0x0000000710800000, 0x0000000710800000| Untracked 
|  95|0x0000000710a00000, 0x0000000710a00000, 0x0000000710c00000|  0%| F|  |TAMS 0x0000000710a00000, 0x0000000710a00000| Untracked 
|  96|0x0000000710c00000, 0x0000000710c00000, 0x0000000710e00000|  0%| F|  |TAMS 0x0000000710c00000, 0x0000000710c00000| Untracked 
|  97|0x0000000710e00000, 0x0000000710e00000, 0x0000000711000000|  0%| F|  |TAMS 0x0000000710e00000, 0x0000000710e00000| Untracked 
|  98|0x0000000711000000, 0x0000000711000000, 0x0000000711200000|  0%| F|  |TAMS 0x0000000711000000, 0x0000000711000000| Untracked 
|  99|0x0000000711200000, 0x0000000711200000, 0x0000000711400000|  0%| F|  |TAMS 0x0000000711200000, 0x0000000711200000| Untracked 
| 100|0x0000000711400000, 0x0000000711400000, 0x0000000711600000|  0%| F|  |TAMS 0x0000000711400000, 0x0000000711400000| Untracked 
| 101|0x0000000711600000, 0x0000000711600000, 0x0000000711800000|  0%| F|  |TAMS 0x0000000711600000, 0x0000000711600000| Untracked 
| 102|0x0000000711800000, 0x0000000711800000, 0x0000000711a00000|  0%| F|  |TAMS 0x0000000711800000, 0x0000000711800000| Untracked 
| 103|0x0000000711a00000, 0x0000000711a00000, 0x0000000711c00000|  0%| F|  |TAMS 0x0000000711a00000, 0x0000000711a00000| Untracked 
| 104|0x0000000711c00000, 0x0000000711c00000, 0x0000000711e00000|  0%| F|  |TAMS 0x0000000711c00000, 0x0000000711c00000| Untracked 
| 105|0x0000000711e00000, 0x0000000711e00000, 0x0000000712000000|  0%| F|  |TAMS 0x0000000711e00000, 0x0000000711e00000| Untracked 
| 106|0x0000000712000000, 0x0000000712000000, 0x0000000712200000|  0%| F|  |TAMS 0x0000000712000000, 0x0000000712000000| Untracked 
| 107|0x0000000712200000, 0x0000000712200000, 0x0000000712400000|  0%| F|  |TAMS 0x0000000712200000, 0x0000000712200000| Untracked 
| 108|0x0000000712400000, 0x0000000712400000, 0x0000000712600000|  0%| F|  |TAMS 0x0000000712400000, 0x0000000712400000| Untracked 
| 109|0x0000000712600000, 0x0000000712600000, 0x0000000712800000|  0%| F|  |TAMS 0x0000000712600000, 0x0000000712600000| Untracked 
| 110|0x0000000712800000, 0x0000000712800000, 0x0000000712a00000|  0%| F|  |TAMS 0x0000000712800000, 0x0000000712800000| Untracked 
| 111|0x0000000712a00000, 0x0000000712a00000, 0x0000000712c00000|  0%| F|  |TAMS 0x0000000712a00000, 0x0000000712a00000| Untracked 
| 112|0x0000000712c00000, 0x0000000712c00000, 0x0000000712e00000|  0%| F|  |TAMS 0x0000000712c00000, 0x0000000712c00000| Untracked 
| 113|0x0000000712e00000, 0x0000000712e00000, 0x0000000713000000|  0%| F|  |TAMS 0x0000000712e00000, 0x0000000712e00000| Untracked 
| 114|0x0000000713000000, 0x0000000713000000, 0x0000000713200000|  0%| F|  |TAMS 0x0000000713000000, 0x0000000713000000| Untracked 
| 115|0x0000000713200000, 0x0000000713200000, 0x0000000713400000|  0%| F|  |TAMS 0x0000000713200000, 0x0000000713200000| Untracked 
| 116|0x0000000713400000, 0x0000000713400000, 0x0000000713600000|  0%| F|  |TAMS 0x0000000713400000, 0x0000000713400000| Untracked 
| 117|0x0000000713600000, 0x000000071379f310, 0x0000000713800000| 81%| S|CS|TAMS 0x0000000713600000, 0x0000000713600000| Complete 
| 118|0x0000000713800000, 0x0000000713800000, 0x0000000713a00000|  0%| F|  |TAMS 0x0000000713800000, 0x0000000713800000| Untracked 
| 119|0x0000000713a00000, 0x0000000713a00000, 0x0000000713c00000|  0%| F|  |TAMS 0x0000000713a00000, 0x0000000713a00000| Untracked 
| 120|0x0000000713c00000, 0x0000000713d92888, 0x0000000713e00000| 78%| E|  |TAMS 0x0000000713c00000, 0x0000000713c00000| Complete 
| 121|0x0000000713e00000, 0x0000000714000000, 0x0000000714000000|100%| E|CS|TAMS 0x0000000713e00000, 0x0000000713e00000| Complete 
| 122|0x0000000714000000, 0x0000000714200000, 0x0000000714200000|100%| E|CS|TAMS 0x0000000714000000, 0x0000000714000000| Complete 
| 123|0x0000000714200000, 0x0000000714400000, 0x0000000714400000|100%| E|CS|TAMS 0x0000000714200000, 0x0000000714200000| Complete 
| 124|0x0000000714400000, 0x0000000714600000, 0x0000000714600000|100%| E|CS|TAMS 0x0000000714400000, 0x0000000714400000| Complete 
| 125|0x0000000714600000, 0x0000000714800000, 0x0000000714800000|100%| E|CS|TAMS 0x0000000714600000, 0x0000000714600000| Complete 

Card table byte_map: [0x00000278d3060000,0x00000278d3840000] _byte_map_base: 0x00000278cf83a000

Marking Bits (Prev, Next): (CMBitMap*) 0x00000278bb260770, (CMBitMap*) 0x00000278bb2607b0
 Prev Bits: [0x00000278d4020000, 0x00000278d7ef0000)
 Next Bits: [0x00000278d7ef0000, 0x00000278dbdc0000)

Polling page: 0x00000278ba9b0000

Metaspace:

Usage:
  Non-class:      9.25 MB used.
      Class:      1.29 MB used.
       Both:     10.55 MB used.

Virtual space:
  Non-class space:       64.00 MB reserved,       9.38 MB ( 15%) committed,  1 nodes.
      Class space:        1.00 GB reserved,       1.44 MB ( <1%) committed,  1 nodes.
             Both:        1.06 GB reserved,      10.81 MB ( <1%) committed. 

Chunk freelists:
   Non-Class:  6.53 MB
       Class:  14.53 MB
        Both:  21.07 MB

MaxMetaspaceSize: unlimited
CompressedClassSpaceSize: 1.00 GB
Initial GC threshold: 21.00 MB
Current GC threshold: 21.00 MB
CDS: on
MetaspaceReclaimPolicy: balanced
 - commit_granule_bytes: 65536.
 - commit_granule_words: 8192.
 - virtual_space_node_default_size: 8388608.
 - enlarge_chunks_in_place: 1.
 - new_chunks_are_fully_committed: 0.
 - uncommit_free_chunks: 1.
 - use_allocation_guard: 0.
 - handle_deallocations: 1.


Internal statistics:

num_allocs_failed_limit: 0.
num_arena_births: 214.
num_arena_deaths: 0.
num_vsnodes_births: 2.
num_vsnodes_deaths: 0.
num_space_committed: 173.
num_space_uncommitted: 0.
num_chunks_returned_to_freelist: 0.
num_chunks_taken_from_freelist: 529.
num_chunk_merges: 0.
num_chunk_splits: 349.
num_chunks_enlarged: 261.
num_inconsistent_stats: 0.

CodeHeap 'non-profiled nmethods': size=119168Kb used=686Kb max_used=686Kb free=118481Kb
 bounds [0x00000278ca630000, 0x00000278ca8a0000, 0x00000278d1a90000]
CodeHeap 'profiled nmethods': size=119104Kb used=3839Kb max_used=3839Kb free=115264Kb
 bounds [0x00000278c2a90000, 0x00000278c2e50000, 0x00000278c9ee0000]
CodeHeap 'non-nmethods': size=7488Kb used=2927Kb max_used=2951Kb free=4560Kb
 bounds [0x00000278c9ee0000, 0x00000278ca1d0000, 0x00000278ca630000]
 total_blobs=2459 nmethods=1913 adapters=455
 compilation: enabled
              stopped_count=0, restarted_count=0
 full_count=0

Compilation events (20 events):
Event: 0.845 Thread 0x00000278df57e040 1841       3       java.lang.Module::isStaticallyExportedOrOpen (70 bytes)
Event: 0.845 Thread 0x00000278defa9570 1842       3       java.lang.invoke.LambdaForm$MH/0x00000278e100d400::invoke (27 bytes)
Event: 0.846 Thread 0x00000278df57e040 nmethod 1841 0x00000278c2e25b10 code [0x00000278c2e25d20, 0x00000278c2e26418]
Event: 0.846 Thread 0x00000278defa9570 nmethod 1842 0x00000278c2e26590 code [0x00000278c2e26760, 0x00000278c2e26bd8]
Event: 0.846 Thread 0x00000278df5750e0 nmethod 1839 0x00000278c2e26d10 code [0x00000278c2e27020, 0x00000278c2e28278]
Event: 0.846 Thread 0x00000278df57e560 nmethod 1840 0x00000278c2e28b10 code [0x00000278c2e28e00, 0x00000278c2e29da8]
Event: 0.846 Thread 0x00000278df57e560 1843       1       java.util.logging.LogManager$LoggerContext::getOwner (5 bytes)
Event: 0.846 Thread 0x00000278df57e560 nmethod 1843 0x00000278ca6d6410 code [0x00000278ca6d65a0, 0x00000278ca6d6678]
Event: 0.853 Thread 0x00000278df57e040 1844       3       java.lang.Character::isJavaIdentifierPart (9 bytes)
Event: 0.853 Thread 0x00000278df5750e0 1845       3       java.lang.CharacterDataLatin1::isJavaIdentifierPart (20 bytes)
Event: 0.853 Thread 0x00000278df57e040 nmethod 1844 0x00000278c2e2a290 code [0x00000278c2e2a440, 0x00000278c2e2a638]
Event: 0.853 Thread 0x00000278df5750e0 nmethod 1845 0x00000278c2e2a710 code [0x00000278c2e2a8c0, 0x00000278c2e2aad8]
Event: 0.854 Thread 0x00000278def9c180 1846       4       java.util.ArrayList::get (15 bytes)
Event: 0.854 Thread 0x00000278def9c180 nmethod 1846 0x00000278ca6d6710 code [0x00000278ca6d6880, 0x00000278ca6d6978]
Event: 0.855 Thread 0x00000278df57e040 1847       3       java.lang.Class$ReflectionData::<init> (10 bytes)
Event: 0.855 Thread 0x00000278df57e560 1848       3       java.lang.Class$Atomic::casReflectionData (13 bytes)
Event: 0.855 Thread 0x00000278df57e040 nmethod 1847 0x00000278c2e2ac10 code [0x00000278c2e2ada0, 0x00000278c2e2af18]
Event: 0.855 Thread 0x00000278df57e560 nmethod 1848 0x00000278c2e2b010 code [0x00000278c2e2b1a0, 0x00000278c2e2b2f8]
Event: 0.857 Thread 0x00000278df57e560 1849   !   3       jdk.internal.reflect.NativeConstructorAccessorImpl::newInstance (122 bytes)
Event: 0.857 Thread 0x00000278df57e560 nmethod 1849 0x00000278c2e2b390 code [0x00000278c2e2b5e0, 0x00000278c2e2c1e8]

GC Heap History (4 events):
Event: 0.386 GC heap before
{Heap before GC invocations=0 (full 0):
 garbage-first heap   total 258048K, used 20480K [0x0000000704c00000, 0x0000000800000000)
  region size 2048K, 11 young (22528K), 0 survivors (0K)
 Metaspace       used 3146K, committed 3328K, reserved 1114112K
  class space    used 310K, committed 448K, reserved 1048576K
}
Event: 0.390 GC heap after
{Heap after GC invocations=1 (full 0):
 garbage-first heap   total 258048K, used 10887K [0x0000000704c00000, 0x0000000800000000)
  region size 2048K, 2 young (4096K), 2 survivors (4096K)
 Metaspace       used 3146K, committed 3328K, reserved 1114112K
  class space    used 310K, committed 448K, reserved 1048576K
}
Event: 0.716 GC heap before
{Heap before GC invocations=1 (full 0):
 garbage-first heap   total 258048K, used 25223K [0x0000000704c00000, 0x0000000800000000)
  region size 2048K, 10 young (20480K), 2 survivors (4096K)
 Metaspace       used 8450K, committed 8640K, reserved 1114112K
  class space    used 977K, committed 1088K, reserved 1048576K
}
Event: 0.718 GC heap after
{Heap after GC invocations=2 (full 0):
 garbage-first heap   total 258048K, used 12080K [0x0000000704c00000, 0x0000000800000000)
  region size 2048K, 1 young (2048K), 1 survivors (2048K)
 Metaspace       used 8450K, committed 8640K, reserved 1114112K
  class space    used 977K, committed 1088K, reserved 1048576K
}

Deoptimization events (20 events):
Event: 0.691 Thread 0x00000279253b3140 DEOPT PACKING pc=0x00000278ca6b2ab4 sp=0x000000d560bfe220
Event: 0.691 Thread 0x00000279253b3140 DEOPT UNPACKING pc=0x00000278c9f323a3 sp=0x000000d560bfe1a8 mode 2
Event: 0.691 Thread 0x00000279253b3140 Uncommon trap: trap_request=0xffffffde fr.pc=0x00000278ca6b2ab4 relative=0x0000000000000114
Event: 0.691 Thread 0x00000279253b3140 Uncommon trap: reason=class_check action=maybe_recompile pc=0x00000278ca6b2ab4 method=jdk.internal.misc.Unsafe.allocateUninitializedArray(Ljava/lang/Class;I)Ljava/lang/Object; @ 51 c2
Event: 0.691 Thread 0x00000279253b3140 DEOPT PACKING pc=0x00000278ca6b2ab4 sp=0x000000d560bfca80
Event: 0.691 Thread 0x00000279253b3140 DEOPT UNPACKING pc=0x00000278c9f323a3 sp=0x000000d560bfca08 mode 2
Event: 0.691 Thread 0x00000279253b3140 Uncommon trap: trap_request=0xffffffde fr.pc=0x00000278ca6b2ab4 relative=0x0000000000000114
Event: 0.691 Thread 0x00000279253b3140 Uncommon trap: reason=class_check action=maybe_recompile pc=0x00000278ca6b2ab4 method=jdk.internal.misc.Unsafe.allocateUninitializedArray(Ljava/lang/Class;I)Ljava/lang/Object; @ 51 c2
Event: 0.691 Thread 0x00000279253b3140 DEOPT PACKING pc=0x00000278ca6b2ab4 sp=0x000000d560bfc680
Event: 0.691 Thread 0x00000279253b3140 DEOPT UNPACKING pc=0x00000278c9f323a3 sp=0x000000d560bfc608 mode 2
Event: 0.813 Thread 0x00000279253b3140 Uncommon trap: trap_request=0xffffffde fr.pc=0x00000278ca695794 relative=0x0000000000000454
Event: 0.813 Thread 0x00000279253b3140 Uncommon trap: reason=class_check action=maybe_recompile pc=0x00000278ca695794 method=java.util.HashMap.getNode(Ljava/lang/Object;)Ljava/util/HashMap$Node; @ 128 c2
Event: 0.813 Thread 0x00000279253b3140 DEOPT PACKING pc=0x00000278ca695794 sp=0x000000d560bfe920
Event: 0.813 Thread 0x00000279253b3140 DEOPT UNPACKING pc=0x00000278c9f323a3 sp=0x000000d560bfe898 mode 2
Event: 0.818 Thread 0x00000279253b3140 DEOPT PACKING pc=0x00000278c2ca3e68 sp=0x000000d560bfd1a0
Event: 0.818 Thread 0x00000279253b3140 DEOPT UNPACKING pc=0x00000278c9f32b43 sp=0x000000d560bfc630 mode 0
Event: 0.838 Thread 0x00000279253b3140 Uncommon trap: trap_request=0xffffff45 fr.pc=0x00000278ca6a6460 relative=0x00000000000010c0
Event: 0.838 Thread 0x00000279253b3140 Uncommon trap: reason=unstable_if action=reinterpret pc=0x00000278ca6a6460 method=java.util.concurrent.ConcurrentHashMap.putVal(Ljava/lang/Object;Ljava/lang/Object;Z)Ljava/lang/Object; @ 231 c2
Event: 0.838 Thread 0x00000279253b3140 DEOPT PACKING pc=0x00000278ca6a6460 sp=0x000000d560bfe5d0
Event: 0.838 Thread 0x00000279253b3140 DEOPT UNPACKING pc=0x00000278c9f323a3 sp=0x000000d560bfe540 mode 2

Classes unloaded (0 events):
No events

Classes redefined (0 events):
No events

Internal exceptions (20 events):
Event: 0.758 Thread 0x00000279253b3140 Exception <a 'java/lang/NoSuchMethodError'{0x000000071457fcf8}: 'int java.lang.invoke.DirectMethodHandle$Holder.invokeStatic(java.lang.Object, java.lang.Object, java.lang.Object, java.lang.Object)'> (0x000000071457fcf8) 
thrown [s\open\src\hotspot\share\interpreter\linkResolver.cpp, line 759]
Event: 0.758 Thread 0x00000279253b3140 Exception <a 'java/lang/NoSuchMethodError'{0x0000000714583678}: 'java.lang.Object java.lang.invoke.Invokers$Holder.invokeExact_MT(java.lang.Object, java.lang.Object, java.lang.Object, java.lang.Object, java.lang.Object, java.lang.Object)'> (0x0000000714583678) 
thrown [s\open\src\hotspot\share\interpreter\linkResolver.cpp, line 759]
Event: 0.763 Thread 0x00000279253b3140 Exception <a 'java/lang/NoSuchMethodError'{0x00000007145e2440}: 'java.lang.Object java.lang.invoke.DirectMethodHandle$Holder.invokeSpecial(java.lang.Object, java.lang.Object, java.lang.Object, java.lang.Object, java.lang.Object, java.lang.Object, int)'> (0x00000007145e2440) 
thrown [s\open\src\hotspot\share\interpreter\linkResolver.cpp, line 759]
Event: 0.763 Thread 0x00000279253b3140 Exception <a 'java/lang/NoSuchMethodError'{0x00000007145ec9a8}: 'java.lang.Object java.lang.invoke.DirectMethodHandle$Holder.newInvokeSpecial(java.lang.Object, java.lang.Object, java.lang.Object, java.lang.Object, java.lang.Object, java.lang.Object, int)'> (0x00000007145ec9a8) 
thrown [s\open\src\hotspot\share\interpreter\linkResolver.cpp, line 759]
Event: 0.763 Thread 0x00000279253b3140 Exception <a 'java/lang/NoSuchMethodError'{0x00000007145f19e8}: 'java.lang.Object java.lang.invoke.DirectMethodHandle$Holder.invokeSpecial(java.lang.Object, java.lang.Object, java.lang.Object, java.lang.Object, java.lang.Object, java.lang.Object, java.lang.Object, int)'> (0x00000007145f19e8) 
thrown [s\open\src\hotspot\share\interpreter\linkResolver.cpp, line 759]
Event: 0.778 Thread 0x00000279253b3140 Exception <a 'java/lang/NoSuchMethodError'{0x00000007143000b0}: 'int java.lang.invoke.DirectMethodHandle$Holder.invokeInterface(java.lang.Object, java.lang.Object)'> (0x00000007143000b0) 
thrown [s\open\src\hotspot\share\interpreter\linkResolver.cpp, line 759]
Event: 0.781 Thread 0x00000279253b3140 Exception <a 'java/lang/NoSuchMethodError'{0x0000000714328b28}: 'void java.lang.invoke.DirectMethodHandle$Holder.invokeSpecial(java.lang.Object, java.lang.Object, java.lang.Object, java.lang.Object, java.lang.Object)'> (0x0000000714328b28) 
thrown [s\open\src\hotspot\share\interpreter\linkResolver.cpp, line 759]
Event: 0.786 Thread 0x00000279253b3140 Exception <a 'java/lang/NoSuchMethodError'{0x0000000714371268}: 'int java.lang.invoke.DirectMethodHandle$Holder.invokeVirtual(java.lang.Object, java.lang.Object)'> (0x0000000714371268) 
thrown [s\open\src\hotspot\share\interpreter\linkResolver.cpp, line 759]
Event: 0.795 Thread 0x00000279253b3140 Exception <a 'java/lang/NoSuchMethodError'{0x000000071406dea0}: 'java.lang.Object java.lang.invoke.DirectMethodHandle$Holder.newInvokeSpecial(java.lang.Object, java.lang.Object, java.lang.Object, int, java.lang.Object)'> (0x000000071406dea0) 
thrown [s\open\src\hotspot\share\interpreter\linkResolver.cpp, line 759]
Event: 0.795 Thread 0x00000279253b3140 Exception <a 'java/lang/NoSuchMethodError'{0x0000000714075870}: 'java.lang.Object java.lang.invoke.Invokers$Holder.linkToTargetMethod(java.lang.Object, java.lang.Object, int, java.lang.Object, java.lang.Object)'> (0x0000000714075870) 
thrown [s\open\src\hotspot\share\interpreter\linkResolver.cpp, line 759]
Event: 0.796 Thread 0x00000279253b3140 Exception <a 'java/lang/NoSuchMethodError'{0x0000000714083f58}: 'java.lang.Object java.lang.invoke.DirectMethodHandle$Holder.newInvokeSpecial(java.lang.Object, int, java.lang.Object)'> (0x0000000714083f58) 
thrown [s\open\src\hotspot\share\interpreter\linkResolver.cpp, line 759]
Event: 0.796 Thread 0x00000279253b3140 Exception <a 'java/lang/NoSuchMethodError'{0x0000000714088520}: 'int java.lang.invoke.DirectMethodHandle$Holder.invokeSpecialIFC(java.lang.Object, java.lang.Object, java.lang.Object, java.lang.Object)'> (0x0000000714088520) 
thrown [s\open\src\hotspot\share\interpreter\linkResolver.cpp, line 759]
Event: 0.808 Thread 0x00000279253b3140 Exception <a 'java/lang/NoSuchMethodError'{0x000000071415b048}: 'void java.lang.invoke.DirectMethodHandle$Holder.invokeInterface(java.lang.Object, java.lang.Object, java.lang.Object)'> (0x000000071415b048) 
thrown [s\open\src\hotspot\share\interpreter\linkResolver.cpp, line 759]
Event: 0.817 Thread 0x00000279253b3140 Exception <a 'java/lang/NoSuchMethodError'{0x00000007141e4ca0}: 'void java.lang.invoke.DirectMethodHandle$Holder.invokeStaticInit(java.lang.Object, java.lang.Object, java.lang.Object)'> (0x00000007141e4ca0) 
thrown [s\open\src\hotspot\share\interpreter\linkResolver.cpp, line 759]
Event: 0.824 Thread 0x00000279253b3140 Exception <a 'java/lang/NoSuchMethodError'{0x0000000713e30018}: 'java.lang.Object java.lang.invoke.DirectMethodHandle$Holder.invokeVirtual(java.lang.Object, java.lang.Object, java.lang.Object)'> (0x0000000713e30018) 
thrown [s\open\src\hotspot\share\interpreter\linkResolver.cpp, line 759]
Event: 0.826 Thread 0x00000279253b3140 Exception <a 'java/lang/NoSuchMethodError'{0x0000000713e50920}: 'java.lang.Object java.lang.invoke.DirectMethodHandle$Holder.invokeStatic(java.lang.Object, java.lang.Object, long, java.lang.Object)'> (0x0000000713e50920) 
thrown [s\open\src\hotspot\share\interpreter\linkResolver.cpp, line 759]
Event: 0.826 Thread 0x00000279253b3140 Exception <a 'java/lang/NoSuchMethodError'{0x0000000713e543b8}: 'java.lang.Object java.lang.invoke.DirectMethodHandle$Holder.invokeStaticInit(java.lang.Object, java.lang.Object, long, java.lang.Object)'> (0x0000000713e543b8) 
thrown [s\open\src\hotspot\share\interpreter\linkResolver.cpp, line 759]
Event: 0.826 Thread 0x00000279253b3140 Exception <a 'java/lang/NoSuchMethodError'{0x0000000713e5a9c8}: 'java.lang.Object java.lang.invoke.DirectMethodHandle$Holder.newInvokeSpecial(java.lang.Object, java.lang.Object, long)'> (0x0000000713e5a9c8) 
thrown [s\open\src\hotspot\share\interpreter\linkResolver.cpp, line 759]
Event: 0.826 Thread 0x00000279253b3140 Exception <a 'java/lang/NoSuchMethodError'{0x0000000713e5e538}: 'java.lang.Object java.lang.invoke.Invokers$Holder.linkToTargetMethod(java.lang.Object, long, java.lang.Object)'> (0x0000000713e5e538) 
thrown [s\open\src\hotspot\share\interpreter\linkResolver.cpp, line 759]
Event: 0.836 Thread 0x00000279253b3140 Exception <a 'java/lang/NoSuchMethodError'{0x0000000713ec9d80}: 'void java.lang.invoke.DirectMethodHandle$Holder.invokeVirtual(java.lang.Object, java.lang.Object, java.lang.Object, java.lang.Object)'> (0x0000000713ec9d80) 
thrown [s\open\src\hotspot\share\interpreter\linkResolver.cpp, line 759]

VM Operations (20 events):
Event: 0.239 Executing VM operation: HandshakeAllThreads
Event: 0.239 Executing VM operation: HandshakeAllThreads done
Event: 0.385 Executing VM operation: G1CollectForAllocation
Event: 0.390 Executing VM operation: G1CollectForAllocation done
Event: 0.482 Executing VM operation: HandshakeAllThreads
Event: 0.482 Executing VM operation: HandshakeAllThreads done
Event: 0.556 Executing VM operation: HandshakeAllThreads
Event: 0.556 Executing VM operation: HandshakeAllThreads done
Event: 0.573 Executing VM operation: HandshakeAllThreads
Event: 0.573 Executing VM operation: HandshakeAllThreads done
Event: 0.716 Executing VM operation: G1CollectForAllocation
Event: 0.718 Executing VM operation: G1CollectForAllocation done
Event: 0.785 Executing VM operation: HandshakeAllThreads
Event: 0.785 Executing VM operation: HandshakeAllThreads done
Event: 0.852 Executing VM operation: HandshakeAllThreads
Event: 0.852 Executing VM operation: HandshakeAllThreads done
Event: 0.856 Executing VM operation: HandshakeAllThreads
Event: 0.856 Executing VM operation: HandshakeAllThreads done
Event: 0.857 Executing VM operation: HandshakeAllThreads
Event: 0.857 Executing VM operation: HandshakeAllThreads done

Events (20 events):
Event: 0.825 loading class java/lang/ProcessHandle
Event: 0.825 loading class java/lang/ProcessHandle done
Event: 0.825 loading class java/lang/ProcessHandleImpl
Event: 0.826 loading class java/lang/ProcessHandleImpl done
Event: 0.826 loading class java/util/concurrent/SynchronousQueue
Event: 0.827 loading class java/util/concurrent/SynchronousQueue done
Event: 0.827 loading class java/util/concurrent/SynchronousQueue$TransferStack
Event: 0.827 loading class java/util/concurrent/SynchronousQueue$Transferer
Event: 0.827 loading class java/util/concurrent/SynchronousQueue$Transferer done
Event: 0.827 loading class java/util/concurrent/SynchronousQueue$TransferStack done
Event: 0.827 loading class java/util/concurrent/SynchronousQueue$TransferStack$SNode
Event: 0.827 loading class java/util/concurrent/SynchronousQueue$TransferStack$SNode done
Event: 0.829 loading class java/util/regex/Pattern$1
Event: 0.829 loading class java/util/regex/Pattern$1 done
Event: 0.835 loading class java/util/concurrent/ScheduledExecutorService
Event: 0.835 loading class java/util/concurrent/ScheduledExecutorService done
Event: 0.844 loading class java/util/Stack
Event: 0.844 loading class java/util/Stack done
Event: 0.845 loading class java/util/Vector$Itr
Event: 0.845 loading class java/util/Vector$Itr done


Dynamic libraries:
0x00007ff6534d0000 - 0x00007ff6534e0000 	C:\Program Files\Java\jdk-17\bin\java.exe
0x00007ffca2670000 - 0x00007ffca2887000 	C:\Windows\SYSTEM32\ntdll.dll
0x00007ffca0f80000 - 0x00007ffca1044000 	C:\Windows\System32\KERNEL32.DLL
0x00007ffc9fe70000 - 0x00007ffca0227000 	C:\Windows\System32\KERNELBASE.dll
0x00007ffc9f980000 - 0x00007ffc9fa91000 	C:\Windows\System32\ucrtbase.dll
0x00007ffc85f60000 - 0x00007ffc85f79000 	C:\Program Files\Java\jdk-17\bin\jli.dll
0x00007ffc85e40000 - 0x00007ffc85e5b000 	C:\Program Files\Java\jdk-17\bin\VCRUNTIME140.dll
0x00007ffca1ea0000 - 0x00007ffca1f52000 	C:\Windows\System32\ADVAPI32.dll
0x00007ffca1f80000 - 0x00007ffca2027000 	C:\Windows\System32\msvcrt.dll
0x00007ffca0b10000 - 0x00007ffca0bb8000 	C:\Windows\System32\sechost.dll
0x00007ffca0370000 - 0x00007ffca0398000 	C:\Windows\System32\bcrypt.dll
0x00007ffca2250000 - 0x00007ffca2364000 	C:\Windows\System32\RPCRT4.dll
0x00007ffca0c40000 - 0x00007ffca0def000 	C:\Windows\System32\USER32.dll
0x00007ffc9fbc0000 - 0x00007ffc9fbe6000 	C:\Windows\System32\win32u.dll
0x00007ffc7dc50000 - 0x00007ffc7dee3000 	C:\Windows\WinSxS\amd64_microsoft.windows.common-controls_6595b64144ccf1df_6.0.22621.3672_none_2713b9d173822955\COMCTL32.dll
0x00007ffca1dd0000 - 0x00007ffca1df9000 	C:\Windows\System32\GDI32.dll
0x00007ffc9faa0000 - 0x00007ffc9fbb8000 	C:\Windows\System32\gdi32full.dll
0x00007ffc9fbf0000 - 0x00007ffc9fc8a000 	C:\Windows\System32\msvcp_win.dll
0x00007ffc996a0000 - 0x00007ffc996aa000 	C:\Windows\SYSTEM32\VERSION.dll
0x00007ffca2210000 - 0x00007ffca2241000 	C:\Windows\System32\IMM32.DLL
0x00007ffc900a0000 - 0x00007ffc900ac000 	C:\Program Files\Java\jdk-17\bin\vcruntime140_1.dll
0x00007ffc626e0000 - 0x00007ffc6276e000 	C:\Program Files\Java\jdk-17\bin\msvcp140.dll
0x00007ffc4e000000 - 0x00007ffc4ebdf000 	C:\Program Files\Java\jdk-17\bin\server\jvm.dll
0x00007ffca1f70000 - 0x00007ffca1f78000 	C:\Windows\System32\PSAPI.DLL
0x00007ffc906c0000 - 0x00007ffc906c9000 	C:\Windows\SYSTEM32\WSOCK32.dll
0x00007ffc8e120000 - 0x00007ffc8e154000 	C:\Windows\SYSTEM32\WINMM.dll
0x00007ffca1d50000 - 0x00007ffca1dc1000 	C:\Windows\System32\WS2_32.dll
0x00007ffc9ea80000 - 0x00007ffc9ea98000 	C:\Windows\SYSTEM32\kernel.appcore.dll
0x00007ffc86100000 - 0x00007ffc8610a000 	C:\Program Files\Java\jdk-17\bin\jimage.dll
0x00007ffc9cd10000 - 0x00007ffc9cf42000 	C:\Windows\SYSTEM32\DBGHELP.DLL
0x00007ffca1150000 - 0x00007ffca14de000 	C:\Windows\System32\combase.dll
0x00007ffca0a30000 - 0x00007ffca0b07000 	C:\Windows\System32\OLEAUT32.dll
0x00007ffc646d0000 - 0x00007ffc64702000 	C:\Windows\SYSTEM32\dbgcore.DLL
0x00007ffca0230000 - 0x00007ffca02ab000 	C:\Windows\System32\bcryptPrimitives.dll
0x00007ffc84c00000 - 0x00007ffc84c0e000 	C:\Program Files\Java\jdk-17\bin\instrument.dll
0x00007ffc6baa0000 - 0x00007ffc6bac5000 	C:\Program Files\Java\jdk-17\bin\java.dll
0x00007ffc519f0000 - 0x00007ffc51ac7000 	C:\Program Files\Java\jdk-17\bin\jsvml.dll
0x00007ffca14e0000 - 0x00007ffca1d49000 	C:\Windows\System32\SHELL32.dll
0x00007ffc9d8b0000 - 0x00007ffc9e1af000 	C:\Windows\SYSTEM32\windows.storage.dll
0x00007ffc9d770000 - 0x00007ffc9d8af000 	C:\Windows\SYSTEM32\wintypes.dll
0x00007ffca2530000 - 0x00007ffca2629000 	C:\Windows\System32\SHCORE.dll
0x00007ffca2050000 - 0x00007ffca20ae000 	C:\Windows\System32\shlwapi.dll
0x00007ffc9f8b0000 - 0x00007ffc9f8d7000 	C:\Windows\SYSTEM32\profapi.dll
0x00007ffc66a90000 - 0x00007ffc66aa8000 	C:\Program Files\Java\jdk-17\bin\zip.dll
0x00007ffc6ba80000 - 0x00007ffc6ba99000 	C:\Program Files\Java\jdk-17\bin\net.dll
0x00007ffc9c170000 - 0x00007ffc9c2a6000 	C:\Windows\SYSTEM32\WINHTTP.dll
0x00007ffc9eee0000 - 0x00007ffc9ef49000 	C:\Windows\system32\mswsock.dll
0x00007ffc6b980000 - 0x00007ffc6b996000 	C:\Program Files\Java\jdk-17\bin\nio.dll
0x00007ffc64420000 - 0x00007ffc6443a000 	C:\Program Files\JetBrains\IntelliJ IDEA 2024.1.4\bin\breakgen64.dll
0x00000278bb130000 - 0x00000278bb133000 	C:\Users\Datos\.openjfx\cache\16\api-ms-win-core-console-l1-1-0.dll
0x00000278bb140000 - 0x00000278bb143000 	C:\Users\Datos\.openjfx\cache\16\api-ms-win-core-console-l1-2-0.dll
0x00000278bb150000 - 0x00000278bb153000 	C:\Users\Datos\.openjfx\cache\16\api-ms-win-core-datetime-l1-1-0.dll
0x00000278bb160000 - 0x00000278bb163000 	C:\Users\Datos\.openjfx\cache\16\api-ms-win-core-debug-l1-1-0.dll
0x00000278bb170000 - 0x00000278bb173000 	C:\Users\Datos\.openjfx\cache\16\api-ms-win-core-errorhandling-l1-1-0.dll
0x00000278bb180000 - 0x00000278bb184000 	C:\Users\Datos\.openjfx\cache\16\api-ms-win-core-file-l1-1-0.dll
0x00000278bb190000 - 0x00000278bb193000 	C:\Users\Datos\.openjfx\cache\16\api-ms-win-core-file-l1-2-0.dll
0x00000278bb1a0000 - 0x00000278bb1a3000 	C:\Users\Datos\.openjfx\cache\16\api-ms-win-core-file-l2-1-0.dll
0x00000278df920000 - 0x00000278df923000 	C:\Users\Datos\.openjfx\cache\16\api-ms-win-core-handle-l1-1-0.dll
0x00000278df930000 - 0x00000278df933000 	C:\Users\Datos\.openjfx\cache\16\api-ms-win-core-heap-l1-1-0.dll
0x00000278df940000 - 0x00000278df943000 	C:\Users\Datos\.openjfx\cache\16\api-ms-win-core-interlocked-l1-1-0.dll
0x00000278df950000 - 0x00000278df953000 	C:\Users\Datos\.openjfx\cache\16\api-ms-win-core-libraryloader-l1-1-0.dll
0x00000278df960000 - 0x00000278df963000 	C:\Users\Datos\.openjfx\cache\16\api-ms-win-core-localization-l1-2-0.dll
0x00000278df970000 - 0x00000278df973000 	C:\Users\Datos\.openjfx\cache\16\api-ms-win-core-memory-l1-1-0.dll
0x00000278df980000 - 0x00000278df983000 	C:\Users\Datos\.openjfx\cache\16\api-ms-win-core-namedpipe-l1-1-0.dll
0x00000278df990000 - 0x00000278df993000 	C:\Users\Datos\.openjfx\cache\16\api-ms-win-core-processenvironment-l1-1-0.dll
0x00000278df9a0000 - 0x00000278df9a3000 	C:\Users\Datos\.openjfx\cache\16\api-ms-win-core-processthreads-l1-1-0.dll
0x00000278df9b0000 - 0x00000278df9b3000 	C:\Users\Datos\.openjfx\cache\16\api-ms-win-core-processthreads-l1-1-1.dll
0x00000278df9c0000 - 0x00000278df9c3000 	C:\Users\Datos\.openjfx\cache\16\api-ms-win-core-profile-l1-1-0.dll
0x00000278df9d0000 - 0x00000278df9d3000 	C:\Users\Datos\.openjfx\cache\16\api-ms-win-core-rtlsupport-l1-1-0.dll
0x00000278df9e0000 - 0x00000278df9e3000 	C:\Users\Datos\.openjfx\cache\16\api-ms-win-core-string-l1-1-0.dll
0x00000278df9f0000 - 0x00000278df9f3000 	C:\Users\Datos\.openjfx\cache\16\api-ms-win-core-synch-l1-1-0.dll
0x00000278dfa00000 - 0x00000278dfa03000 	C:\Users\Datos\.openjfx\cache\16\api-ms-win-core-synch-l1-2-0.dll
0x00000278dfa10000 - 0x00000278dfa13000 	C:\Users\Datos\.openjfx\cache\16\api-ms-win-core-sysinfo-l1-1-0.dll
0x00000278dfa20000 - 0x00000278dfa23000 	C:\Users\Datos\.openjfx\cache\16\api-ms-win-core-timezone-l1-1-0.dll
0x00000278dfa30000 - 0x00000278dfa33000 	C:\Users\Datos\.openjfx\cache\16\api-ms-win-core-util-l1-1-0.dll
0x00000278dfa40000 - 0x00000278dfa43000 	C:\Users\Datos\.openjfx\cache\16\api-ms-win-crt-conio-l1-1-0.dll
0x00000278dfa50000 - 0x00000278dfa54000 	C:\Users\Datos\.openjfx\cache\16\api-ms-win-crt-convert-l1-1-0.dll
0x00000278dfa60000 - 0x00000278dfa63000 	C:\Users\Datos\.openjfx\cache\16\api-ms-win-crt-environment-l1-1-0.dll
0x00000278dfa70000 - 0x00000278dfa73000 	C:\Users\Datos\.openjfx\cache\16\api-ms-win-crt-filesystem-l1-1-0.dll
0x00000278dfa80000 - 0x00000278dfa83000 	C:\Users\Datos\.openjfx\cache\16\api-ms-win-crt-heap-l1-1-0.dll
0x00000278dfa90000 - 0x00000278dfa93000 	C:\Users\Datos\.openjfx\cache\16\api-ms-win-crt-locale-l1-1-0.dll
0x00000278dfaa0000 - 0x00000278dfaa5000 	C:\Users\Datos\.openjfx\cache\16\api-ms-win-crt-math-l1-1-0.dll
0x00000278dfab0000 - 0x00000278dfab5000 	C:\Users\Datos\.openjfx\cache\16\api-ms-win-crt-multibyte-l1-1-0.dll
0x00000278dfac0000 - 0x00000278dfad0000 	C:\Users\Datos\.openjfx\cache\16\api-ms-win-crt-private-l1-1-0.dll
0x00000278dfad0000 - 0x00000278dfad3000 	C:\Users\Datos\.openjfx\cache\16\api-ms-win-crt-process-l1-1-0.dll
0x00000278dfae0000 - 0x00000278dfae4000 	C:\Users\Datos\.openjfx\cache\16\api-ms-win-crt-runtime-l1-1-0.dll
0x00000278dfaf0000 - 0x00000278dfaf4000 	C:\Users\Datos\.openjfx\cache\16\api-ms-win-crt-stdio-l1-1-0.dll
0x00000278dfb00000 - 0x00000278dfb04000 	C:\Users\Datos\.openjfx\cache\16\api-ms-win-crt-string-l1-1-0.dll
0x00000278dfb10000 - 0x00000278dfb13000 	C:\Users\Datos\.openjfx\cache\16\api-ms-win-crt-time-l1-1-0.dll
0x00000278dfb20000 - 0x00000278dfb23000 	C:\Users\Datos\.openjfx\cache\16\api-ms-win-crt-utility-l1-1-0.dll
0x00007ffc518f0000 - 0x00007ffc519ec000 	C:\Users\Datos\.openjfx\cache\16\ucrtbase.dll
0x00007ffc62850000 - 0x00007ffc62869000 	C:\Users\Datos\.openjfx\cache\16\vcruntime140.dll
0x00007ffc6b970000 - 0x00007ffc6b97c000 	C:\Users\Datos\.openjfx\cache\16\vcruntime140_1.dll
0x00007ffc55200000 - 0x00007ffc55291000 	C:\Users\Datos\.openjfx\cache\16\msvcp140.dll
0x00007ffc62630000 - 0x00007ffc62657000 	C:\Users\Datos\.openjfx\cache\16\prism_d3d.dll
0x00007ffc69850000 - 0x00007ffc699f8000 	C:\Windows\system32\d3d9.dll
0x00007ffc9cc00000 - 0x00007ffc9cc2b000 	C:\Windows\SYSTEM32\dwmapi.dll
0x00007ffc9caa0000 - 0x00007ffc9cad7000 	C:\Windows\SYSTEM32\dxcore.dll
0x00007ffc9c8f0000 - 0x00007ffc9c9a1000 	C:\Windows\system32\uxtheme.dll
0x00007ffbf8530000 - 0x00007ffbfbd74000 	C:\Windows\System32\DriverStore\FileRepository\u0403635.inf_amd64_1f3e282168a5e3ac\B403595\amdxn64.dll
0x00007ffca0880000 - 0x00007ffca0a25000 	C:\Windows\System32\ole32.dll
0x00007ffca03a0000 - 0x00007ffca0814000 	C:\Windows\System32\SETUPAPI.dll
0x00007ffc9caf0000 - 0x00007ffc9cbe7000 	C:\Windows\SYSTEM32\dxgi.dll
0x00007ffc9b6d0000 - 0x00007ffc9b707000 	C:\Windows\System32\DriverStore\FileRepository\u0403635.inf_amd64_1f3e282168a5e3ac\B403595\amdihk64.dll
0x00007ffc99380000 - 0x00007ffc993c9000 	C:\Windows\SYSTEM32\directxdatabasehelper.dll
0x00007ffc55120000 - 0x00007ffc551d0000 	C:\Windows\SYSTEM32\d3d9on12.dll
0x00007ffc7f810000 - 0x00007ffc7f836000 	C:\Windows\SYSTEM32\d3d12.dll
0x00007ffc9f670000 - 0x00007ffc9f6be000 	C:\Windows\SYSTEM32\cfgmgr32.dll
0x00007ffc4d720000 - 0x00007ffc4d922000 	C:\Windows\SYSTEM32\D3D12Core.dll
0x00007ffc687f0000 - 0x00007ffc68817000 	C:\Windows\System32\DriverStore\FileRepository\iigd_dch.inf_amd64_ad227274fc449b38\igd12umd64.dll
0x00007ffc122a0000 - 0x00007ffc1329e000 	C:\Windows\System32\DriverStore\FileRepository\iigd_dch.inf_amd64_ad227274fc449b38\igd12um64xel.dll
0x00007ffc9fc90000 - 0x00007ffc9fdf6000 	C:\Windows\System32\CRYPT32.dll
0x00007ffc55b00000 - 0x00007ffc55b26000 	C:\Windows\System32\DriverStore\FileRepository\iigd_dch.inf_amd64_ad227274fc449b38\igdext64.dll
0x00007ffc55ab0000 - 0x00007ffc55af7000 	C:\Windows\SYSTEM32\ControlLib.dll
0x00007ffc8a9f0000 - 0x00007ffc8aa83000 	C:\Windows\System32\DriverStore\FileRepository\iigd_dch.inf_amd64_ad227274fc449b38\IntelControlLib.dll
0x00007ffc8a4f0000 - 0x00007ffc8a92d000 	C:\Windows\System32\DriverStore\FileRepository\iigd_dch.inf_amd64_ad227274fc449b38\igdgmm64.dll
0x00007ffc86430000 - 0x00007ffc8a4a5000 	C:\Windows\System32\DriverStore\FileRepository\iigd_dch.inf_amd64_ad227274fc449b38\igc64.dll
0x00007ffc4da80000 - 0x00007ffc4daaf000 	C:\Windows\SYSTEM32\D3DSCache.dll
0x00007ffc9ef80000 - 0x00007ffc9efa8000 	C:\Windows\SYSTEM32\USERENV.dll
0x00007ffc3a6b0000 - 0x00007ffc3a9c2000 	C:\Windows\System32\DriverStore\FileRepository\iigd_dch.inf_amd64_ad227274fc449b38\igd12dxva64.dll
0x00007ffbfed80000 - 0x00007ffbfff56000 	C:\Windows\System32\DriverStore\FileRepository\iigd_dch.inf_amd64_ad227274fc449b38\igddxvacommon64.dll
0x00007ffbfd050000 - 0x00007ffbfed7b000 	C:\Windows\System32\DriverStore\FileRepository\iigd_dch.inf_amd64_ad227274fc449b38\media_bin_64.dll
0x00007ffc8fe30000 - 0x00007ffc8fe57000 	C:\Windows\System32\DriverStore\FileRepository\iigd_dch.inf_amd64_ad227274fc449b38\igdinfo64.dll
0x00007ffc92840000 - 0x00007ffc92ae2000 	C:\Windows\SYSTEM32\twinapi.appcore.dll
0x00007ffc5f240000 - 0x00007ffc5f282000 	C:\Users\Datos\.openjfx\cache\16\glass.dll
0x00007ffca0e80000 - 0x00007ffca0f7f000 	C:\Windows\System32\COMDLG32.dll
0x00007ffca20b0000 - 0x00007ffca2210000 	C:\Windows\System32\MSCTF.dll

dbghelp: loaded successfully - version: 4.0.5 - missing functions: none
symbol engine: initialized successfully - sym options: 0x614 - pdb path: .;C:\Program Files\Java\jdk-17\bin;C:\Windows\SYSTEM32;C:\Windows\WinSxS\amd64_microsoft.windows.common-controls_6595b64144ccf1df_6.0.22621.3672_none_2713b9d173822955;C:\Program Files\Java\jdk-17\bin\server;C:\Program Files\JetBrains\IntelliJ IDEA 2024.1.4\bin;C:\Users\Datos\.openjfx\cache\16;C:\Windows\System32\DriverStore\FileRepository\u0403635.inf_amd64_1f3e282168a5e3ac\B403595;C:\Windows\System32\DriverStore\FileRepository\iigd_dch.inf_amd64_ad227274fc449b38

VM Arguments:
jvm_args: -javaagent:C:\Program Files\JetBrains\IntelliJ IDEA 2024.1.4\lib\idea_rt.jar=53884:C:\Program Files\JetBrains\IntelliJ IDEA 2024.1.4\bin -Dfile.encoding=UTF-8 
java_command: pe.edu.upeu.sysalmacenfx.ApplicationMain
java_class_path (initial): D:\POO\DESARROLLO\POO2024C2G1\SysAlmacenFX\target\classes;C:\Users\Datos\.m2\repository\org\springframework\boot\spring-boot-starter-data-jpa\3.3.4\spring-boot-starter-data-jpa-3.3.4.jar;C:\Users\Datos\.m2\repository\org\springframework\boot\spring-boot-starter-aop\3.3.4\spring-boot-starter-aop-3.3.4.jar;C:\Users\Datos\.m2\repository\org\springframework\spring-aop\6.1.13\spring-aop-6.1.13.jar;C:\Users\Datos\.m2\repository\org\aspectj\aspectjweaver\1.9.22.1\aspectjweaver-1.9.22.1.jar;C:\Users\Datos\.m2\repository\org\springframework\boot\spring-boot-starter-jdbc\3.3.4\spring-boot-starter-jdbc-3.3.4.jar;C:\Users\Datos\.m2\repository\com\zaxxer\HikariCP\5.1.0\HikariCP-5.1.0.jar;C:\Users\Datos\.m2\repository\org\springframework\spring-jdbc\6.1.13\spring-jdbc-6.1.13.jar;C:\Users\Datos\.m2\repository\org\hibernate\orm\hibernate-core\6.5.3.Final\hibernate-core-6.5.3.Final.jar;C:\Users\Datos\.m2\repository\jakarta\persistence\jakarta.persistence-api\3.1.0\jakarta.persistence-api-3.1.0.jar;C:\Users\Datos\.m2\repository\jakarta\transaction\jakarta.transaction-api\2.0.1\jakarta.transaction-api-2.0.1.jar;C:\Users\Datos\.m2\repository\org\hibernate\common\hibernate-commons-annotations\6.0.6.Final\hibernate-commons-annotations-6.0.6.Final.jar;C:\Users\Datos\.m2\repository\io\smallrye\jandex\3.1.2\jandex-3.1.2.jar;C:\Users\Datos\.m2\repository\net\bytebuddy\byte-buddy\1.14.19\byte-buddy-1.14.19.jar;C:\Users\Datos\.m2\repository\org\glassfish\jaxb\jaxb-runtime\4.0.5\jaxb-runtime-4.0.5.jar;C:\Users\Datos\.m2\repository\org\glassfish\jaxb\jaxb-core\4.0.5\jaxb-core-4.0.5.jar;C:\Users\Datos\.m2\repository\org\eclipse\angus\angus-activation\2.0.2\angus-activation-2.0.2.jar;C:\Users\Datos\.m2\repository\org\glassfish\jaxb\txw2\4.0.5\txw2-4.0.5.jar;C:\Users\Datos\.m2\repository\com\sun\istack\istack-commons-runtime\4.1.2\istack-commons-runtime-4.1.2.jar;C:\Users\Datos\.m2\repository\jakarta\inject\jakarta.inject-api\2.0.1\jakarta.inject-api-2.0.1.jar;C:\Users\
Launcher Type: SUN_STANDARD

[Global flags]
     intx CICompilerCount                          = 12                                        {product} {ergonomic}
     uint ConcGCThreads                            = 5                                         {product} {ergonomic}
     uint G1ConcRefinementThreads                  = 18                                        {product} {ergonomic}
   size_t G1HeapRegionSize                         = 2097152                                   {product} {ergonomic}
    uintx GCDrainStackTargetSize                   = 64                                        {product} {ergonomic}
   size_t InitialHeapSize                          = 264241152                                 {product} {ergonomic}
   size_t MarkStackSize                            = 4194304                                   {product} {ergonomic}
   size_t MaxHeapSize                              = 4215275520                                {product} {ergonomic}
   size_t MaxNewSize                               = 2529165312                                {product} {ergonomic}
   size_t MinHeapDeltaBytes                        = 2097152                                   {product} {ergonomic}
   size_t MinHeapSize                              = 8388608                                   {product} {ergonomic}
    uintx NonNMethodCodeHeapSize                   = 7602480                                {pd product} {ergonomic}
    uintx NonProfiledCodeHeapSize                  = 122027880                              {pd product} {ergonomic}
    uintx ProfiledCodeHeapSize                     = 122027880                              {pd product} {ergonomic}
    uintx ReservedCodeCacheSize                    = 251658240                              {pd product} {ergonomic}
     bool SegmentedCodeCache                       = true                                      {product} {ergonomic}
   size_t SoftMaxHeapSize                          = 4215275520                             {manageable} {ergonomic}
     bool UseCompressedClassPointers               = true                           {product lp64_product} {ergonomic}
     bool UseCompressedOops                        = true                           {product lp64_product} {ergonomic}
     bool UseG1GC                                  = true                                      {product} {ergonomic}
     bool UseLargePagesIndividualAllocation        = false                                  {pd product} {ergonomic}

Logging:
Log output configuration:
 #0: stdout all=warning uptime,level,tags
 #1: stderr all=off uptime,level,tags

Environment Variables:
JAVA_HOME=C:\Program Files\Java\jdk-17
PATH=C:\Windows\system32;C:\Windows;C:\Windows\System32\Wbem;C:\Windows\System32\WindowsPowerShell\v1.0\;C:\Windows\System32\OpenSSH\;C:\Program Files\dotnet\;C:\Program Files\MiKTeX\miktex\bin\x64\;C:\Program Files\Git\cmd;C:\Program Files (x86)\Windows Kits\10\Windows Performance Toolkit\;C:\Program Files\apache-maven-3.9.8\bin;C:\Program Files\nodejs\;C:\Users\Datos\AppData\Local\Android\Sdk\emulator;C:\Users\Datos\AppData\Local\Android\Sdk\platform-tools;D:\DAM\flutter\bin;C:\Program Files\Java\jdk-17\bin;C:\Users\Datos\AppData\Local\Programs\Python\Python312\Scripts\;C:\Users\Datos\AppData\Local\Programs\Python\Python312\;C:\Users\Datos\AppData\Local\Programs\Python\Launcher\;C:\Users\Datos\AppData\Local\Microsoft\WindowsApps;C:\Users\Datos\AppData\Local\Programs\Microsoft VS Code\bin;C:\Users\Datos\AppData\Roaming\npm
USERNAME=Datos
OS=Windows_NT
PROCESSOR_IDENTIFIER=Intel64 Family 6 Model 183 Stepping 1, GenuineIntel



---------------  S Y S T E M  ---------------

OS:
 Windows 11 , 64 bit Build 22621 (10.0.22621.3958)
OS uptime: 5 days 23:00 hours
Hyper-V role detected

CPU: total 24 (initial active 24) (12 cores per cpu, 2 threads per core) family 6 model 183 stepping 1 microcode 0x129, cx8, cmov, fxsr, ht, mmx, 3dnowpref, sse, sse2, sse3, ssse3, sse4.1, sse4.2, popcnt, lzcnt, tsc, tscinvbit, avx, avx2, aes, erms, clmul, bmi1, bmi2, adx, sha, fma, vzeroupper, clflush, clflushopt, clwb, hv

Memory: 4k page, system-wide physical 16072M (2937M free)
TotalPageFile size 63857M (AvailPageFile size 5M)
current process WorkingSet (physical memory assigned to process): 169M, peak: 169M
current process commit charge ("private bytes"): 474M, peak: 474M

vm_info: Java HotSpot(TM) 64-Bit Server VM (17.0.10+11-LTS-240) for windows-amd64 JRE (17.0.10+11-LTS-240), built on Dec 19 2023 21:47:25 by "mach5one" with MS VC++ 17.1 (VS2022)

END.
